<?xml version="1.0" encoding="UTF-8"?>
<!-- Generated by org.testng.reporters.JUnitReportReporter -->
<testsuite hostname="Admin" failures="0" tests="1" name="com.qdms.high.testcases.LoginTest" time="0.294" errors="0" timestamp="22 Feb 2023 10:03:46 GMT" skipped="0">
  <testcase classname="com.qdms.high.testcases.LoginTest" name="Login" time="0.294"/>
</testsuite> <!-- com.qdms.high.testcases.LoginTest -->
